[debug] [2020-09-18T15:12:17.376Z] ----------------------------------------------------------------------
[debug] [2020-09-18T15:12:17.401Z] Command:       C:\Program Files\nodejs\node.exe C:\Users\Zino\AppData\Roaming\npm\node_modules\firebase-tools\lib\bin\firebase.js deploy
[debug] [2020-09-18T15:12:17.402Z] CLI Version:   8.10.0
[debug] [2020-09-18T15:12:17.402Z] Platform:      win32
[debug] [2020-09-18T15:12:17.402Z] Node Version:  v12.16.1
[debug] [2020-09-18T15:12:17.432Z] Time:          Fri Sep 18 2020 16:12:17 GMT+0100 (West Africa Standard Time)
[debug] [2020-09-18T15:12:17.433Z] ----------------------------------------------------------------------
[debug] [2020-09-18T15:12:17.433Z] 
[debug] [2020-09-18T15:12:17.573Z] > command requires scopes: ["email","openid","https://www.googleapis.com/auth/cloudplatformprojects.readonly","https://www.googleapis.com/auth/firebase","https://www.googleapis.com/auth/cloud-platform"]
[debug] [2020-09-18T15:12:17.575Z] > authorizing via signed-in user
[debug] [2020-09-18T15:12:17.577Z] [iam] checking project clone-5bd25 for permissions ["cloudfunctions.functions.create","cloudfunctions.functions.delete","cloudfunctions.functions.get","cloudfunctions.functions.list","cloudfunctions.functions.update","cloudfunctions.operations.get","firebase.projects.get","firebasehosting.sites.update"]
[debug] [2020-09-18T15:12:17.589Z] >>> HTTP REQUEST POST https://cloudresourcemanager.googleapis.com/v1/projects/clone-5bd25:testIamPermissions  
 {"permissions":["cloudfunctions.functions.create","cloudfunctions.functions.delete","cloudfunctions.functions.get","cloudfunctions.functions.list","cloudfunctions.functions.update","cloudfunctions.operations.get","firebase.projects.get","firebasehosting.sites.update"]}
[debug] [2020-09-18T15:12:18.609Z] [iam] error while checking permissions, command may fail: FirebaseError: Server Error. self signed certificate in certificate chain
[debug] [2020-09-18T15:12:18.611Z] >>> HTTP REQUEST POST https://iam.googleapis.com/v1/projects/clone-5bd25/serviceAccounts/clone-5bd25@appspot.gserviceaccount.com:testIamPermissions  
 {"permissions":["iam.serviceAccounts.actAs"]}
[debug] [2020-09-18T15:12:19.710Z] [functions] service account IAM check errored, deploy may fail: Server Error. self signed certificate in certificate chain {"name":"FirebaseError","children":[],"exit":2,"message":"Server Error. self signed certificate in certificate chain","original":{"code":"SELF_SIGNED_CERT_IN_CHAIN"},"status":500}
[debug] [2020-09-18T15:12:19.713Z] >>> HTTP REQUEST GET https://firebase.googleapis.com/v1beta1/projects/clone-5bd25  
 
[debug] [2020-09-18T15:12:19.874Z] Server Error. self signed certificate in certificate chain
[debug] [2020-09-18T15:12:19.907Z] FirebaseError: Server Error. self signed certificate in certificate chain
    at Request._callback (C:\Users\Zino\AppData\Roaming\npm\node_modules\firebase-tools\lib\api.js:32:31)
    at self.callback (C:\Users\Zino\AppData\Roaming\npm\node_modules\firebase-tools\node_modules\request\request.js:185:22)
    at Request.emit (events.js:311:20)
    at Request.EventEmitter.emit (domain.js:482:12)
    at Request.onRequestError (C:\Users\Zino\AppData\Roaming\npm\node_modules\firebase-tools\node_modules\request\request.js:877:8)
    at ClientRequest.emit (events.js:323:22)
    at ClientRequest.EventEmitter.emit (domain.js:482:12)
    at TLSSocket.socketErrorListener (_http_client.js:426:9)
    at TLSSocket.emit (events.js:311:20)
    at TLSSocket.EventEmitter.emit (domain.js:482:12)
    at emitErrorNT (internal/streams/destroy.js:92:8)
    at emitErrorAndCloseNT (internal/streams/destroy.js:60:3)
    at processTicksAndRejections (internal/process/task_queues.js:84:21)
[error] 
[error] Error: Failed to get Firebase project clone-5bd25. Please make sure the project exists and your account has permission to access it.
